12/12/2022 01:32:58 PM: INFO: ====== WebDriver manager ======
12/12/2022 01:33:00 PM: INFO: Get LATEST chromedriver version for google-chrome None
12/12/2022 01:33:02 PM: INFO: There is no [win32] chromedriver for browser None in cache
12/12/2022 01:33:02 PM: INFO: About to download new driver from https://chromedriver.storage.googleapis.com/108.0.5359.71/chromedriver_win32.zip
12/12/2022 01:33:12 PM: INFO: Driver has been saved in cache [C:\Users\Tanmay.Gupta\.wdm\drivers\chromedriver\win32\108.0.5359]
12/12/2022 01:33:21 PM: INFO: ====== WebDriver manager ======
12/12/2022 01:33:23 PM: INFO: Get LATEST chromedriver version for google-chrome None
12/12/2022 01:33:25 PM: INFO: Driver [C:\Users\Tanmay.Gupta\.wdm\drivers\chromedriver\win32\108.0.5359\chromedriver.exe] found in cache
12/12/2022 01:33:27 PM: INFO: -------------------Testcase1 started-------------------
12/12/2022 02:04:54 PM: INFO: ====== WebDriver manager ======
12/12/2022 02:04:56 PM: INFO: Get LATEST chromedriver version for google-chrome None
12/12/2022 02:04:58 PM: INFO: Driver [C:\Users\Tanmay.Gupta\.wdm\drivers\chromedriver\win32\108.0.5359\chromedriver.exe] found in cache
12/12/2022 02:05:04 PM: INFO: ====== WebDriver manager ======
12/12/2022 02:05:05 PM: INFO: Get LATEST chromedriver version for google-chrome None
12/12/2022 02:05:07 PM: INFO: Driver [C:\Users\Tanmay.Gupta\.wdm\drivers\chromedriver\win32\108.0.5359\chromedriver.exe] found in cache
12/12/2022 02:05:10 PM: INFO: -------------------Testcase1 started-------------------
12/12/2022 02:09:10 PM: INFO: ====== WebDriver manager ======
12/12/2022 02:09:12 PM: INFO: Get LATEST chromedriver version for google-chrome None
12/12/2022 02:09:14 PM: INFO: Driver [C:\Users\Tanmay.Gupta\.wdm\drivers\chromedriver\win32\108.0.5359\chromedriver.exe] found in cache
12/12/2022 02:09:35 PM: INFO: ====== WebDriver manager ======
12/12/2022 02:09:37 PM: INFO: Get LATEST chromedriver version for google-chrome None
12/12/2022 02:09:39 PM: INFO: Driver [C:\Users\Tanmay.Gupta\.wdm\drivers\chromedriver\win32\108.0.5359\chromedriver.exe] found in cache
12/12/2022 02:09:42 PM: INFO: -------------------Testcase1 started-------------------
12/12/2022 02:11:29 PM: INFO: ====== WebDriver manager ======
12/12/2022 02:11:30 PM: INFO: Get LATEST chromedriver version for google-chrome None
12/12/2022 02:11:33 PM: INFO: Driver [C:\Users\Tanmay.Gupta\.wdm\drivers\chromedriver\win32\108.0.5359\chromedriver.exe] found in cache
12/12/2022 02:11:39 PM: INFO: ====== WebDriver manager ======
12/12/2022 02:11:41 PM: INFO: Get LATEST chromedriver version for google-chrome None
12/12/2022 02:11:43 PM: INFO: Driver [C:\Users\Tanmay.Gupta\.wdm\drivers\chromedriver\win32\108.0.5359\chromedriver.exe] found in cache
12/12/2022 02:11:46 PM: INFO: -------------------Testcase1 started-------------------
12/12/2022 02:13:49 PM: INFO: ====== WebDriver manager ======
12/12/2022 02:13:51 PM: INFO: Get LATEST chromedriver version for google-chrome None
12/12/2022 02:13:53 PM: INFO: Driver [C:\Users\Tanmay.Gupta\.wdm\drivers\chromedriver\win32\108.0.5359\chromedriver.exe] found in cache
12/12/2022 02:13:58 PM: INFO: ====== WebDriver manager ======
12/12/2022 02:14:00 PM: INFO: Get LATEST chromedriver version for google-chrome None
12/12/2022 02:14:03 PM: INFO: Driver [C:\Users\Tanmay.Gupta\.wdm\drivers\chromedriver\win32\108.0.5359\chromedriver.exe] found in cache
12/12/2022 02:14:05 PM: INFO: -------------------Testcase1 started-------------------
12/12/2022 02:16:15 PM: INFO: ====== WebDriver manager ======
12/12/2022 02:16:18 PM: INFO: Get LATEST chromedriver version for google-chrome None
12/12/2022 02:16:20 PM: INFO: Driver [C:\Users\Tanmay.Gupta\.wdm\drivers\chromedriver\win32\108.0.5359\chromedriver.exe] found in cache
12/12/2022 02:16:25 PM: INFO: ====== WebDriver manager ======
12/12/2022 02:16:27 PM: INFO: Get LATEST chromedriver version for google-chrome None
12/12/2022 02:16:29 PM: INFO: Driver [C:\Users\Tanmay.Gupta\.wdm\drivers\chromedriver\win32\108.0.5359\chromedriver.exe] found in cache
12/12/2022 02:16:32 PM: INFO: -------------------Testcase1 started-------------------
12/12/2022 02:16:40 PM: ERROR: -------------------Testcase1 started-------------------
12/12/2022 02:31:50 PM: INFO: ====== WebDriver manager ======
12/12/2022 02:31:52 PM: INFO: Get LATEST chromedriver version for google-chrome None
12/12/2022 02:31:54 PM: INFO: Driver [C:\Users\Tanmay.Gupta\.wdm\drivers\chromedriver\win32\108.0.5359\chromedriver.exe] found in cache
12/12/2022 02:32:00 PM: INFO: ====== WebDriver manager ======
12/12/2022 02:32:03 PM: INFO: Get LATEST chromedriver version for google-chrome None
12/12/2022 02:32:05 PM: INFO: Driver [C:\Users\Tanmay.Gupta\.wdm\drivers\chromedriver\win32\108.0.5359\chromedriver.exe] found in cache
12/12/2022 02:32:08 PM: INFO: -------------------Testcase1 started-------------------
12/12/2022 02:32:18 PM: ERROR: -------------------Assertion failure-------------------
12/12/2022 02:35:40 PM: INFO: ====== WebDriver manager ======
12/12/2022 02:35:42 PM: INFO: Get LATEST chromedriver version for google-chrome None
12/12/2022 02:35:44 PM: INFO: Driver [C:\Users\Tanmay.Gupta\.wdm\drivers\chromedriver\win32\108.0.5359\chromedriver.exe] found in cache
12/12/2022 02:35:49 PM: INFO: ====== WebDriver manager ======
12/12/2022 02:35:51 PM: INFO: Get LATEST chromedriver version for google-chrome None
12/12/2022 02:35:53 PM: INFO: Driver [C:\Users\Tanmay.Gupta\.wdm\drivers\chromedriver\win32\108.0.5359\chromedriver.exe] found in cache
12/12/2022 02:35:55 PM: INFO: -------------------Testcase1 started-------------------
12/12/2022 02:36:03 PM: ERROR: -------------------Assertion failure-------------------
12/12/2022 02:38:27 PM: INFO: xdist worker is: gw1
12/12/2022 02:38:27 PM: INFO: ====== WebDriver manager ======
12/12/2022 02:38:29 PM: INFO: Get LATEST chromedriver version for google-chrome None
12/12/2022 02:38:29 PM: INFO: Get LATEST chromedriver version for google-chrome None
12/12/2022 02:38:32 PM: INFO: There is no [win32] chromedriver for browser None in cache
12/12/2022 02:38:32 PM: INFO: About to download new driver from https://chromedriver.storage.googleapis.com/108.0.5359.71/chromedriver_win32.zip
12/12/2022 02:38:32 PM: INFO: There is no [win32] chromedriver for browser None in cache
12/12/2022 02:38:32 PM: INFO: About to download new driver from https://chromedriver.storage.googleapis.com/108.0.5359.71/chromedriver_win32.zip
12/12/2022 02:38:43 PM: INFO: Driver has been saved in cache [C:\Users\Tanmay.Gupta\.wdm\gw1\drivers\chromedriver\win32\108.0.5359]
12/12/2022 02:38:47 PM: INFO: -------------------Testcase1 started-------------------
12/12/2022 02:38:49 PM: INFO: Driver has been saved in cache [C:\Users\Tanmay.Gupta\.wdm\gw0\drivers\chromedriver\win32\108.0.5359]
12/12/2022 02:38:56 PM: ERROR: -------------------Assertion failure-------------------
12/12/2022 02:52:56 PM: INFO: xdist worker is: gw0
12/12/2022 02:52:56 PM: INFO: ====== WebDriver manager ======
12/12/2022 02:52:56 PM: INFO: ====== WebDriver manager ======
12/12/2022 02:52:58 PM: INFO: Get LATEST chromedriver version for google-chrome None
12/12/2022 02:52:58 PM: INFO: Get LATEST chromedriver version for google-chrome None
12/12/2022 02:53:00 PM: INFO: Driver [C:\Users\Tanmay.Gupta\.wdm\gw1\drivers\chromedriver\win32\108.0.5359\chromedriver.exe] found in cache
12/12/2022 02:53:00 PM: INFO: Driver [C:\Users\Tanmay.Gupta\.wdm\gw0\drivers\chromedriver\win32\108.0.5359\chromedriver.exe] found in cache
12/12/2022 02:53:04 PM: INFO: -------------------Testcase1 started-------------------
12/12/2022 02:53:12 PM: ERROR: -------------------Assertion failure-------------------
12/12/2022 03:41:54 PM: INFO: ====== WebDriver manager ======
12/12/2022 03:41:56 PM: INFO: Get LATEST chromedriver version for google-chrome None
12/12/2022 03:41:59 PM: INFO: Driver [C:\Users\Tanmay.Gupta\.wdm\drivers\chromedriver\win32\108.0.5359\chromedriver.exe] found in cache
12/12/2022 03:42:05 PM: INFO: ====== WebDriver manager ======
12/12/2022 03:42:08 PM: INFO: Get LATEST chromedriver version for google-chrome None
12/12/2022 03:42:10 PM: INFO: Driver [C:\Users\Tanmay.Gupta\.wdm\drivers\chromedriver\win32\108.0.5359\chromedriver.exe] found in cache
12/12/2022 03:49:00 PM: INFO: ====== WebDriver manager ======
12/12/2022 03:49:02 PM: INFO: Get LATEST chromedriver version for google-chrome None
12/12/2022 03:49:05 PM: INFO: Driver [C:\Users\Tanmay.Gupta\.wdm\drivers\chromedriver\win32\108.0.5359\chromedriver.exe] found in cache
12/12/2022 03:49:10 PM: INFO: ====== WebDriver manager ======
12/12/2022 03:49:11 PM: INFO: Get LATEST chromedriver version for google-chrome None
12/12/2022 03:49:13 PM: INFO: Driver [C:\Users\Tanmay.Gupta\.wdm\drivers\chromedriver\win32\108.0.5359\chromedriver.exe] found in cache
12/12/2022 03:49:16 PM: INFO: -------------------Testcase1 started-------------------
12/12/2022 03:52:01 PM: INFO: ====== WebDriver manager ======
12/12/2022 03:52:03 PM: INFO: Get LATEST chromedriver version for google-chrome None
12/12/2022 03:52:06 PM: INFO: Driver [C:\Users\Tanmay.Gupta\.wdm\drivers\chromedriver\win32\108.0.5359\chromedriver.exe] found in cache
12/12/2022 03:52:11 PM: INFO: ====== WebDriver manager ======
12/12/2022 03:52:13 PM: INFO: Get LATEST chromedriver version for google-chrome None
12/12/2022 03:52:15 PM: INFO: Driver [C:\Users\Tanmay.Gupta\.wdm\drivers\chromedriver\win32\108.0.5359\chromedriver.exe] found in cache
12/12/2022 03:52:17 PM: INFO: -------------------Testcase1 started-------------------
12/12/2022 03:54:12 PM: INFO: ====== WebDriver manager ======
12/12/2022 03:54:14 PM: INFO: Get LATEST chromedriver version for google-chrome None
12/12/2022 03:54:16 PM: INFO: Driver [C:\Users\Tanmay.Gupta\.wdm\drivers\chromedriver\win32\108.0.5359\chromedriver.exe] found in cache
12/12/2022 03:54:22 PM: INFO: ====== WebDriver manager ======
12/12/2022 03:54:24 PM: INFO: Get LATEST chromedriver version for google-chrome None
12/12/2022 03:54:26 PM: INFO: Driver [C:\Users\Tanmay.Gupta\.wdm\drivers\chromedriver\win32\108.0.5359\chromedriver.exe] found in cache
12/12/2022 03:54:29 PM: INFO: -------------------Testcase1 started-------------------
12/12/2022 04:08:31 PM: INFO: ====== WebDriver manager ======
12/12/2022 04:08:33 PM: INFO: Get LATEST chromedriver version for google-chrome None
12/12/2022 04:08:36 PM: INFO: Driver [C:\Users\Tanmay.Gupta\.wdm\drivers\chromedriver\win32\108.0.5359\chromedriver.exe] found in cache
12/12/2022 04:08:41 PM: INFO: ====== WebDriver manager ======
12/12/2022 04:08:43 PM: INFO: Get LATEST chromedriver version for google-chrome None
12/12/2022 04:08:45 PM: INFO: Driver [C:\Users\Tanmay.Gupta\.wdm\drivers\chromedriver\win32\108.0.5359\chromedriver.exe] found in cache
12/12/2022 04:08:48 PM: INFO: -------------------Testcase1 started-------------------
12/12/2022 04:20:10 PM: INFO: ====== WebDriver manager ======
12/12/2022 04:20:11 PM: INFO: Get LATEST chromedriver version for google-chrome None
12/12/2022 04:20:13 PM: INFO: Driver [C:\Users\Tanmay.Gupta\.wdm\drivers\chromedriver\win32\108.0.5359\chromedriver.exe] found in cache
12/12/2022 04:20:18 PM: INFO: ====== WebDriver manager ======
12/12/2022 04:20:21 PM: INFO: Get LATEST chromedriver version for google-chrome None
12/12/2022 04:20:22 PM: INFO: Driver [C:\Users\Tanmay.Gupta\.wdm\drivers\chromedriver\win32\108.0.5359\chromedriver.exe] found in cache
12/12/2022 04:20:25 PM: INFO: -------------------Testcase1 started-------------------
12/12/2022 04:22:08 PM: INFO: ====== WebDriver manager ======
12/12/2022 04:22:10 PM: INFO: Get LATEST chromedriver version for google-chrome None
12/12/2022 04:22:12 PM: INFO: Driver [C:\Users\Tanmay.Gupta\.wdm\drivers\chromedriver\win32\108.0.5359\chromedriver.exe] found in cache
12/12/2022 04:22:32 PM: INFO: ====== WebDriver manager ======
12/12/2022 04:22:34 PM: INFO: Get LATEST chromedriver version for google-chrome None
12/12/2022 04:22:36 PM: INFO: Driver [C:\Users\Tanmay.Gupta\.wdm\drivers\chromedriver\win32\108.0.5359\chromedriver.exe] found in cache
12/12/2022 04:22:39 PM: INFO: -------------------Testcase1 started-------------------
12/12/2022 04:23:33 PM: INFO: ====== WebDriver manager ======
12/12/2022 04:23:35 PM: INFO: Get LATEST chromedriver version for google-chrome None
12/12/2022 04:23:37 PM: INFO: Driver [C:\Users\Tanmay.Gupta\.wdm\drivers\chromedriver\win32\108.0.5359\chromedriver.exe] found in cache
12/12/2022 04:23:39 PM: INFO: -------------------Testcase1 started-------------------
12/12/2022 04:24:26 PM: INFO: ====== WebDriver manager ======
12/12/2022 04:24:28 PM: INFO: Get LATEST chromedriver version for google-chrome None
12/12/2022 04:24:30 PM: INFO: Driver [C:\Users\Tanmay.Gupta\.wdm\drivers\chromedriver\win32\108.0.5359\chromedriver.exe] found in cache
12/12/2022 04:24:33 PM: INFO: -------------------Testcase1 started-------------------
12/12/2022 04:28:32 PM: INFO: ====== WebDriver manager ======
12/12/2022 04:28:34 PM: INFO: Get LATEST chromedriver version for google-chrome None
12/12/2022 04:28:36 PM: INFO: Driver [C:\Users\Tanmay.Gupta\.wdm\drivers\chromedriver\win32\108.0.5359\chromedriver.exe] found in cache
12/12/2022 04:28:39 PM: INFO: -------------------Testcase1 started-------------------
12/12/2022 04:29:06 PM: INFO: ====== WebDriver manager ======
12/12/2022 04:29:07 PM: INFO: Get LATEST chromedriver version for google-chrome None
12/12/2022 04:29:09 PM: INFO: Driver [C:\Users\Tanmay.Gupta\.wdm\drivers\chromedriver\win32\108.0.5359\chromedriver.exe] found in cache
12/12/2022 04:29:12 PM: INFO: -------------------Testcase1 started-------------------
12/12/2022 04:30:33 PM: INFO: ====== WebDriver manager ======
12/12/2022 04:30:35 PM: INFO: Get LATEST chromedriver version for google-chrome None
12/12/2022 04:30:37 PM: INFO: Driver [C:\Users\Tanmay.Gupta\.wdm\drivers\chromedriver\win32\108.0.5359\chromedriver.exe] found in cache
12/12/2022 04:30:40 PM: INFO: -------------------Testcase1 started-------------------
12/12/2022 04:31:07 PM: INFO: ====== WebDriver manager ======
12/12/2022 04:31:09 PM: INFO: Get LATEST chromedriver version for google-chrome None
12/12/2022 04:31:12 PM: INFO: Driver [C:\Users\Tanmay.Gupta\.wdm\drivers\chromedriver\win32\108.0.5359\chromedriver.exe] found in cache
12/12/2022 04:31:15 PM: INFO: -------------------Testcase1 started-------------------
12/12/2022 04:31:39 PM: INFO: -------------------Assertion Passed-------------------
12/12/2022 04:58:58 PM: INFO: ====== WebDriver manager ======
12/12/2022 04:58:58 PM: INFO: Get LATEST chromedriver version for google-chrome None
12/12/2022 04:58:59 PM: INFO: Driver [C:\Users\Tanmay.Gupta\.wdm\drivers\chromedriver\win32\108.0.5359\chromedriver.exe] found in cache
12/12/2022 04:59:01 PM: INFO: -------------------Testcase1 started-------------------
12/12/2022 04:59:14 PM: INFO: -------------------Test Assertion Passed-------------------
12/12/2022 05:03:27 PM: INFO: ====== WebDriver manager ======
12/12/2022 05:03:28 PM: INFO: Get LATEST chromedriver version for google-chrome None
12/12/2022 05:03:29 PM: INFO: Driver [C:\Users\Tanmay.Gupta\.wdm\drivers\chromedriver\win32\108.0.5359\chromedriver.exe] found in cache
12/12/2022 05:03:31 PM: INFO: -------------------Testcase1 started-------------------
12/12/2022 05:03:43 PM: INFO: -------------------Test Assertion Passed-------------------
12/12/2022 05:03:50 PM: INFO: Passed-----------------
12/12/2022 05:06:39 PM: INFO: ====== WebDriver manager ======
12/12/2022 05:06:40 PM: INFO: Get LATEST chromedriver version for google-chrome None
12/12/2022 05:06:41 PM: INFO: Driver [C:\Users\Tanmay.Gupta\.wdm\drivers\chromedriver\win32\108.0.5359\chromedriver.exe] found in cache
12/12/2022 05:06:44 PM: INFO: -------------------Testcase1 started-------------------
12/12/2022 05:06:57 PM: INFO: -------------------Test Assertion Passed-------------------
12/12/2022 05:07:04 PM: INFO: Passed-----------------
12/12/2022 05:07:04 PM: INFO: DDT Testcase is pass----------------------
12/12/2022 05:07:40 PM: INFO: ====== WebDriver manager ======
12/12/2022 05:07:40 PM: INFO: Get LATEST chromedriver version for google-chrome None
12/12/2022 05:07:41 PM: INFO: Driver [C:\Users\Tanmay.Gupta\.wdm\drivers\chromedriver\win32\108.0.5359\chromedriver.exe] found in cache
12/12/2022 05:07:43 PM: INFO: -------------------Testcase1 started-------------------
12/12/2022 05:07:55 PM: INFO: -------------------Test Assertion Passed-------------------
12/12/2022 05:08:02 PM: INFO: Passed-----------------
12/12/2022 05:08:02 PM: INFO: DDT Testcase is pass----------------------
12/12/2022 05:08:18 PM: INFO: ------------Testcase is completed
